0 info it worked if it ends with ok
1 verbose cli [ 'C:\\Program Files\\nodejs\\\\node.exe',
1 verbose cli   'C:\\Program Files\\nodejs\\node_modules\\npm\\bin\\npm-cli.js',
1 verbose cli   'install' ]
2 info using npm@1.4.3
3 info using node@v0.10.26
4 verbose node symlink C:\Program Files\nodejs\\node.exe
5 warn package.json Cakey-Bakey-Co@1.0.0 No repository field.
6 verbose readDependencies using package.json deps
7 verbose install where, deps [ 'C:\\Bitnami\\wampstack-5.4.29-0\\apps\\wordpress\\htdocs\\wp-content\\themes\\cakeybakeyco',
7 verbose install   [ 'grunt',
7 verbose install     'grunt-autoprefixer',
7 verbose install     'grunt-contrib-concat',
7 verbose install     'grunt-contrib-cssmin',
7 verbose install     'grunt-contrib-imagemin',
7 verbose install     'grunt-contrib-jshint',
7 verbose install     'grunt-contrib-sass',
7 verbose install     'grunt-contrib-uglify',
7 verbose install     'grunt-contrib-watch',
7 verbose install     'grunt-svg2png' ] ]
8 info preinstall Cakey-Bakey-Co@1.0.0
9 verbose readDependencies using package.json deps
10 verbose cache add [ 'grunt@~0.4.2', null ]
11 verbose cache add name=undefined spec="grunt@~0.4.2" args=["grunt@~0.4.2",null]
12 verbose parsed url { protocol: null,
12 verbose parsed url   slashes: null,
12 verbose parsed url   auth: null,
12 verbose parsed url   host: null,
12 verbose parsed url   port: null,
12 verbose parsed url   hostname: null,
12 verbose parsed url   hash: null,
12 verbose parsed url   search: null,
12 verbose parsed url   query: null,
12 verbose parsed url   pathname: 'grunt@~0.4.2',
12 verbose parsed url   path: 'grunt@~0.4.2',
12 verbose parsed url   href: 'grunt@~0.4.2' }
13 verbose cache add name="grunt" spec="~0.4.2" args=["grunt","~0.4.2"]
14 verbose parsed url { protocol: null,
14 verbose parsed url   slashes: null,
14 verbose parsed url   auth: null,
14 verbose parsed url   host: null,
14 verbose parsed url   port: null,
14 verbose parsed url   hostname: null,
14 verbose parsed url   hash: null,
14 verbose parsed url   search: null,
14 verbose parsed url   query: null,
14 verbose parsed url   pathname: '~0.4.2',
14 verbose parsed url   path: '~0.4.2',
14 verbose parsed url   href: '~0.4.2' }
15 verbose addNamed [ 'grunt', '~0.4.2' ]
16 verbose addNamed [ null, '>=0.4.2-0 <0.5.0-0' ]
17 verbose cache add [ 'grunt-autoprefixer@^1.0.0', null ]
18 verbose cache add name=undefined spec="grunt-autoprefixer@^1.0.0" args=["grunt-autoprefixer@^1.0.0",null]
19 verbose parsed url { protocol: null,
19 verbose parsed url   slashes: null,
19 verbose parsed url   auth: null,
19 verbose parsed url   host: null,
19 verbose parsed url   port: null,
19 verbose parsed url   hostname: null,
19 verbose parsed url   hash: null,
19 verbose parsed url   search: null,
19 verbose parsed url   query: null,
19 verbose parsed url   pathname: 'grunt-autoprefixer@^1.0.0',
19 verbose parsed url   path: 'grunt-autoprefixer@^1.0.0',
19 verbose parsed url   href: 'grunt-autoprefixer@^1.0.0' }
20 verbose cache add name="grunt-autoprefixer" spec="^1.0.0" args=["grunt-autoprefixer","^1.0.0"]
21 verbose parsed url { protocol: null,
21 verbose parsed url   slashes: null,
21 verbose parsed url   auth: null,
21 verbose parsed url   host: null,
21 verbose parsed url   port: null,
21 verbose parsed url   hostname: null,
21 verbose parsed url   hash: null,
21 verbose parsed url   search: null,
21 verbose parsed url   query: null,
21 verbose parsed url   pathname: '^1.0.0',
21 verbose parsed url   path: '^1.0.0',
21 verbose parsed url   href: '^1.0.0' }
22 verbose addNamed [ 'grunt-autoprefixer', '^1.0.0' ]
23 verbose addNamed [ null, '>=1.0.0-0 <2.0.0-0' ]
24 verbose cache add [ 'grunt-contrib-concat@~0.3.0', null ]
25 verbose cache add name=undefined spec="grunt-contrib-concat@~0.3.0" args=["grunt-contrib-concat@~0.3.0",null]
26 verbose parsed url { protocol: null,
26 verbose parsed url   slashes: null,
26 verbose parsed url   auth: null,
26 verbose parsed url   host: null,
26 verbose parsed url   port: null,
26 verbose parsed url   hostname: null,
26 verbose parsed url   hash: null,
26 verbose parsed url   search: null,
26 verbose parsed url   query: null,
26 verbose parsed url   pathname: 'grunt-contrib-concat@~0.3.0',
26 verbose parsed url   path: 'grunt-contrib-concat@~0.3.0',
26 verbose parsed url   href: 'grunt-contrib-concat@~0.3.0' }
27 verbose cache add name="grunt-contrib-concat" spec="~0.3.0" args=["grunt-contrib-concat","~0.3.0"]
28 verbose parsed url { protocol: null,
28 verbose parsed url   slashes: null,
28 verbose parsed url   auth: null,
28 verbose parsed url   host: null,
28 verbose parsed url   port: null,
28 verbose parsed url   hostname: null,
28 verbose parsed url   hash: null,
28 verbose parsed url   search: null,
28 verbose parsed url   query: null,
28 verbose parsed url   pathname: '~0.3.0',
28 verbose parsed url   path: '~0.3.0',
28 verbose parsed url   href: '~0.3.0' }
29 verbose addNamed [ 'grunt-contrib-concat', '~0.3.0' ]
30 verbose addNamed [ null, '>=0.3.0-0 <0.4.0-0' ]
31 verbose cache add [ 'grunt-contrib-cssmin@^0.8.0', null ]
32 verbose cache add name=undefined spec="grunt-contrib-cssmin@^0.8.0" args=["grunt-contrib-cssmin@^0.8.0",null]
33 verbose parsed url { protocol: null,
33 verbose parsed url   slashes: null,
33 verbose parsed url   auth: null,
33 verbose parsed url   host: null,
33 verbose parsed url   port: null,
33 verbose parsed url   hostname: null,
33 verbose parsed url   hash: null,
33 verbose parsed url   search: null,
33 verbose parsed url   query: null,
33 verbose parsed url   pathname: 'grunt-contrib-cssmin@^0.8.0',
33 verbose parsed url   path: 'grunt-contrib-cssmin@^0.8.0',
33 verbose parsed url   href: 'grunt-contrib-cssmin@^0.8.0' }
34 verbose cache add name="grunt-contrib-cssmin" spec="^0.8.0" args=["grunt-contrib-cssmin","^0.8.0"]
35 verbose parsed url { protocol: null,
35 verbose parsed url   slashes: null,
35 verbose parsed url   auth: null,
35 verbose parsed url   host: null,
35 verbose parsed url   port: null,
35 verbose parsed url   hostname: null,
35 verbose parsed url   hash: null,
35 verbose parsed url   search: null,
35 verbose parsed url   query: null,
35 verbose parsed url   pathname: '^0.8.0',
35 verbose parsed url   path: '^0.8.0',
35 verbose parsed url   href: '^0.8.0' }
36 verbose addNamed [ 'grunt-contrib-cssmin', '^0.8.0' ]
37 verbose addNamed [ null, '>=0.8.0-0 <0.9.0-0' ]
38 verbose cache add [ 'grunt-contrib-imagemin@^0.5.0', null ]
39 verbose cache add name=undefined spec="grunt-contrib-imagemin@^0.5.0" args=["grunt-contrib-imagemin@^0.5.0",null]
40 verbose parsed url { protocol: null,
40 verbose parsed url   slashes: null,
40 verbose parsed url   auth: null,
40 verbose parsed url   host: null,
40 verbose parsed url   port: null,
40 verbose parsed url   hostname: null,
40 verbose parsed url   hash: null,
40 verbose parsed url   search: null,
40 verbose parsed url   query: null,
40 verbose parsed url   pathname: 'grunt-contrib-imagemin@^0.5.0',
40 verbose parsed url   path: 'grunt-contrib-imagemin@^0.5.0',
40 verbose parsed url   href: 'grunt-contrib-imagemin@^0.5.0' }
41 verbose cache add name="grunt-contrib-imagemin" spec="^0.5.0" args=["grunt-contrib-imagemin","^0.5.0"]
42 verbose parsed url { protocol: null,
42 verbose parsed url   slashes: null,
42 verbose parsed url   auth: null,
42 verbose parsed url   host: null,
42 verbose parsed url   port: null,
42 verbose parsed url   hostname: null,
42 verbose parsed url   hash: null,
42 verbose parsed url   search: null,
42 verbose parsed url   query: null,
42 verbose parsed url   pathname: '^0.5.0',
42 verbose parsed url   path: '^0.5.0',
42 verbose parsed url   href: '^0.5.0' }
43 verbose addNamed [ 'grunt-contrib-imagemin', '^0.5.0' ]
44 verbose addNamed [ null, '>=0.5.0-0 <0.6.0-0' ]
45 verbose cache add [ 'grunt-contrib-jshint@^0.8.0', null ]
46 verbose cache add name=undefined spec="grunt-contrib-jshint@^0.8.0" args=["grunt-contrib-jshint@^0.8.0",null]
47 verbose parsed url { protocol: null,
47 verbose parsed url   slashes: null,
47 verbose parsed url   auth: null,
47 verbose parsed url   host: null,
47 verbose parsed url   port: null,
47 verbose parsed url   hostname: null,
47 verbose parsed url   hash: null,
47 verbose parsed url   search: null,
47 verbose parsed url   query: null,
47 verbose parsed url   pathname: 'grunt-contrib-jshint@^0.8.0',
47 verbose parsed url   path: 'grunt-contrib-jshint@^0.8.0',
47 verbose parsed url   href: 'grunt-contrib-jshint@^0.8.0' }
48 verbose cache add name="grunt-contrib-jshint" spec="^0.8.0" args=["grunt-contrib-jshint","^0.8.0"]
49 verbose parsed url { protocol: null,
49 verbose parsed url   slashes: null,
49 verbose parsed url   auth: null,
49 verbose parsed url   host: null,
49 verbose parsed url   port: null,
49 verbose parsed url   hostname: null,
49 verbose parsed url   hash: null,
49 verbose parsed url   search: null,
49 verbose parsed url   query: null,
49 verbose parsed url   pathname: '^0.8.0',
49 verbose parsed url   path: '^0.8.0',
49 verbose parsed url   href: '^0.8.0' }
50 verbose addNamed [ 'grunt-contrib-jshint', '^0.8.0' ]
51 verbose addNamed [ null, '>=0.8.0-0 <0.9.0-0' ]
52 verbose cache add [ 'grunt-contrib-sass@~0.7.2', null ]
53 verbose cache add name=undefined spec="grunt-contrib-sass@~0.7.2" args=["grunt-contrib-sass@~0.7.2",null]
54 verbose parsed url { protocol: null,
54 verbose parsed url   slashes: null,
54 verbose parsed url   auth: null,
54 verbose parsed url   host: null,
54 verbose parsed url   port: null,
54 verbose parsed url   hostname: null,
54 verbose parsed url   hash: null,
54 verbose parsed url   search: null,
54 verbose parsed url   query: null,
54 verbose parsed url   pathname: 'grunt-contrib-sass@~0.7.2',
54 verbose parsed url   path: 'grunt-contrib-sass@~0.7.2',
54 verbose parsed url   href: 'grunt-contrib-sass@~0.7.2' }
55 verbose cache add name="grunt-contrib-sass" spec="~0.7.2" args=["grunt-contrib-sass","~0.7.2"]
56 verbose parsed url { protocol: null,
56 verbose parsed url   slashes: null,
56 verbose parsed url   auth: null,
56 verbose parsed url   host: null,
56 verbose parsed url   port: null,
56 verbose parsed url   hostname: null,
56 verbose parsed url   hash: null,
56 verbose parsed url   search: null,
56 verbose parsed url   query: null,
56 verbose parsed url   pathname: '~0.7.2',
56 verbose parsed url   path: '~0.7.2',
56 verbose parsed url   href: '~0.7.2' }
57 verbose addNamed [ 'grunt-contrib-sass', '~0.7.2' ]
58 verbose addNamed [ null, '>=0.7.2-0 <0.8.0-0' ]
59 verbose cache add [ 'grunt-contrib-uglify@~0.3.2', null ]
60 verbose cache add name=undefined spec="grunt-contrib-uglify@~0.3.2" args=["grunt-contrib-uglify@~0.3.2",null]
61 verbose parsed url { protocol: null,
61 verbose parsed url   slashes: null,
61 verbose parsed url   auth: null,
61 verbose parsed url   host: null,
61 verbose parsed url   port: null,
61 verbose parsed url   hostname: null,
61 verbose parsed url   hash: null,
61 verbose parsed url   search: null,
61 verbose parsed url   query: null,
61 verbose parsed url   pathname: 'grunt-contrib-uglify@~0.3.2',
61 verbose parsed url   path: 'grunt-contrib-uglify@~0.3.2',
61 verbose parsed url   href: 'grunt-contrib-uglify@~0.3.2' }
62 verbose cache add name="grunt-contrib-uglify" spec="~0.3.2" args=["grunt-contrib-uglify","~0.3.2"]
63 verbose parsed url { protocol: null,
63 verbose parsed url   slashes: null,
63 verbose parsed url   auth: null,
63 verbose parsed url   host: null,
63 verbose parsed url   port: null,
63 verbose parsed url   hostname: null,
63 verbose parsed url   hash: null,
63 verbose parsed url   search: null,
63 verbose parsed url   query: null,
63 verbose parsed url   pathname: '~0.3.2',
63 verbose parsed url   path: '~0.3.2',
63 verbose parsed url   href: '~0.3.2' }
64 verbose addNamed [ 'grunt-contrib-uglify', '~0.3.2' ]
65 verbose addNamed [ null, '>=0.3.2-0 <0.4.0-0' ]
66 verbose cache add [ 'grunt-contrib-watch@^0.5.3', null ]
67 verbose cache add name=undefined spec="grunt-contrib-watch@^0.5.3" args=["grunt-contrib-watch@^0.5.3",null]
68 verbose parsed url { protocol: null,
68 verbose parsed url   slashes: null,
68 verbose parsed url   auth: null,
68 verbose parsed url   host: null,
68 verbose parsed url   port: null,
68 verbose parsed url   hostname: null,
68 verbose parsed url   hash: null,
68 verbose parsed url   search: null,
68 verbose parsed url   query: null,
68 verbose parsed url   pathname: 'grunt-contrib-watch@^0.5.3',
68 verbose parsed url   path: 'grunt-contrib-watch@^0.5.3',
68 verbose parsed url   href: 'grunt-contrib-watch@^0.5.3' }
69 verbose cache add name="grunt-contrib-watch" spec="^0.5.3" args=["grunt-contrib-watch","^0.5.3"]
70 verbose parsed url { protocol: null,
70 verbose parsed url   slashes: null,
70 verbose parsed url   auth: null,
70 verbose parsed url   host: null,
70 verbose parsed url   port: null,
70 verbose parsed url   hostname: null,
70 verbose parsed url   hash: null,
70 verbose parsed url   search: null,
70 verbose parsed url   query: null,
70 verbose parsed url   pathname: '^0.5.3',
70 verbose parsed url   path: '^0.5.3',
70 verbose parsed url   href: '^0.5.3' }
71 verbose addNamed [ 'grunt-contrib-watch', '^0.5.3' ]
72 verbose addNamed [ null, '>=0.5.3-0 <0.6.0-0' ]
73 verbose cache add [ 'grunt-svg2png@^0.2.5', null ]
74 verbose cache add name=undefined spec="grunt-svg2png@^0.2.5" args=["grunt-svg2png@^0.2.5",null]
75 verbose parsed url { protocol: null,
75 verbose parsed url   slashes: null,
75 verbose parsed url   auth: null,
75 verbose parsed url   host: null,
75 verbose parsed url   port: null,
75 verbose parsed url   hostname: null,
75 verbose parsed url   hash: null,
75 verbose parsed url   search: null,
75 verbose parsed url   query: null,
75 verbose parsed url   pathname: 'grunt-svg2png@^0.2.5',
75 verbose parsed url   path: 'grunt-svg2png@^0.2.5',
75 verbose parsed url   href: 'grunt-svg2png@^0.2.5' }
76 verbose cache add name="grunt-svg2png" spec="^0.2.5" args=["grunt-svg2png","^0.2.5"]
77 verbose parsed url { protocol: null,
77 verbose parsed url   slashes: null,
77 verbose parsed url   auth: null,
77 verbose parsed url   host: null,
77 verbose parsed url   port: null,
77 verbose parsed url   hostname: null,
77 verbose parsed url   hash: null,
77 verbose parsed url   search: null,
77 verbose parsed url   query: null,
77 verbose parsed url   pathname: '^0.2.5',
77 verbose parsed url   path: '^0.2.5',
77 verbose parsed url   href: '^0.2.5' }
78 verbose addNamed [ 'grunt-svg2png', '^0.2.5' ]
79 verbose addNamed [ null, '>=0.2.5-0 <0.3.0-0' ]
80 silly lockFile 73260332-grunt-0-4-2 grunt@~0.4.2
81 verbose lock grunt@~0.4.2 C:\Users\MRu\AppData\Roaming\npm-cache\73260332-grunt-0-4-2.lock
82 silly lockFile 3a879aa2-grunt-autoprefixer-1-0-0 grunt-autoprefixer@^1.0.0
83 verbose lock grunt-autoprefixer@^1.0.0 C:\Users\MRu\AppData\Roaming\npm-cache\3a879aa2-grunt-autoprefixer-1-0-0.lock
84 silly lockFile 0e44e68e-grunt-contrib-concat-0-3-0 grunt-contrib-concat@~0.3.0
85 verbose lock grunt-contrib-concat@~0.3.0 C:\Users\MRu\AppData\Roaming\npm-cache\0e44e68e-grunt-contrib-concat-0-3-0.lock
86 silly lockFile 3756bd74-grunt-contrib-cssmin-0-8-0 grunt-contrib-cssmin@^0.8.0
87 verbose lock grunt-contrib-cssmin@^0.8.0 C:\Users\MRu\AppData\Roaming\npm-cache\3756bd74-grunt-contrib-cssmin-0-8-0.lock
88 silly lockFile ba83776f-grunt-contrib-imagemin-0-5-0 grunt-contrib-imagemin@^0.5.0
89 verbose lock grunt-contrib-imagemin@^0.5.0 C:\Users\MRu\AppData\Roaming\npm-cache\ba83776f-grunt-contrib-imagemin-0-5-0.lock
90 silly lockFile 597d2cc7-grunt-contrib-jshint-0-8-0 grunt-contrib-jshint@^0.8.0
91 verbose lock grunt-contrib-jshint@^0.8.0 C:\Users\MRu\AppData\Roaming\npm-cache\597d2cc7-grunt-contrib-jshint-0-8-0.lock
92 silly lockFile afcfc22a-grunt-contrib-sass-0-7-2 grunt-contrib-sass@~0.7.2
93 verbose lock grunt-contrib-sass@~0.7.2 C:\Users\MRu\AppData\Roaming\npm-cache\afcfc22a-grunt-contrib-sass-0-7-2.lock
94 silly lockFile 00618136-grunt-contrib-uglify-0-3-2 grunt-contrib-uglify@~0.3.2
95 verbose lock grunt-contrib-uglify@~0.3.2 C:\Users\MRu\AppData\Roaming\npm-cache\00618136-grunt-contrib-uglify-0-3-2.lock
96 silly lockFile 3f90d2b0-grunt-contrib-watch-0-5-3 grunt-contrib-watch@^0.5.3
97 verbose lock grunt-contrib-watch@^0.5.3 C:\Users\MRu\AppData\Roaming\npm-cache\3f90d2b0-grunt-contrib-watch-0-5-3.lock
98 silly lockFile 3bda3fd1-grunt-svg2png-0-2-5 grunt-svg2png@^0.2.5
99 verbose lock grunt-svg2png@^0.2.5 C:\Users\MRu\AppData\Roaming\npm-cache\3bda3fd1-grunt-svg2png-0-2-5.lock
100 silly addNameRange { name: 'grunt', range: '>=0.4.2-0 <0.5.0-0', hasData: false }
101 silly addNameRange { name: 'grunt-contrib-jshint',
101 silly addNameRange   range: '>=0.8.0-0 <0.9.0-0',
101 silly addNameRange   hasData: false }
102 silly addNameRange { name: 'grunt-autoprefixer',
102 silly addNameRange   range: '>=1.0.0-0 <2.0.0-0',
102 silly addNameRange   hasData: false }
103 silly addNameRange { name: 'grunt-contrib-cssmin',
103 silly addNameRange   range: '>=0.8.0-0 <0.9.0-0',
103 silly addNameRange   hasData: false }
104 silly addNameRange { name: 'grunt-contrib-concat',
104 silly addNameRange   range: '>=0.3.0-0 <0.4.0-0',
104 silly addNameRange   hasData: false }
105 silly addNameRange { name: 'grunt-contrib-imagemin',
105 silly addNameRange   range: '>=0.5.0-0 <0.6.0-0',
105 silly addNameRange   hasData: false }
106 silly addNameRange { name: 'grunt-svg2png',
106 silly addNameRange   range: '>=0.2.5-0 <0.3.0-0',
106 silly addNameRange   hasData: false }
107 silly addNameRange { name: 'grunt-contrib-sass',
107 silly addNameRange   range: '>=0.7.2-0 <0.8.0-0',
107 silly addNameRange   hasData: false }
108 silly addNameRange { name: 'grunt-contrib-uglify',
108 silly addNameRange   range: '>=0.3.2-0 <0.4.0-0',
108 silly addNameRange   hasData: false }
109 silly addNameRange { name: 'grunt-contrib-watch',
109 silly addNameRange   range: '>=0.5.3-0 <0.6.0-0',
109 silly addNameRange   hasData: false }
110 verbose url raw grunt-svg2png
111 verbose url resolving [ 'https://registry.npmjs.org/', './grunt-svg2png' ]
112 verbose url resolved https://registry.npmjs.org/grunt-svg2png
113 info trying registry request attempt 1 at 10:56:29
114 http GET https://registry.npmjs.org/grunt-svg2png
115 verbose url raw grunt-contrib-concat
116 verbose url resolving [ 'https://registry.npmjs.org/', './grunt-contrib-concat' ]
117 verbose url resolved https://registry.npmjs.org/grunt-contrib-concat
118 info trying registry request attempt 1 at 10:56:29
119 verbose etag "7E19CG0XKNCOWXWU8YYQCMI6D"
120 http GET https://registry.npmjs.org/grunt-contrib-concat
121 verbose url raw grunt
122 verbose url resolving [ 'https://registry.npmjs.org/', './grunt' ]
123 verbose url resolved https://registry.npmjs.org/grunt
124 info trying registry request attempt 1 at 10:56:29
125 verbose etag "2I0YJ2SV5223PY9S174L16D6N"
126 http GET https://registry.npmjs.org/grunt
127 verbose url raw grunt-contrib-sass
128 verbose url resolving [ 'https://registry.npmjs.org/', './grunt-contrib-sass' ]
129 verbose url resolved https://registry.npmjs.org/grunt-contrib-sass
130 info trying registry request attempt 1 at 10:56:29
131 verbose etag "1QY6LCTQSU9ON6YT0E375BVC8"
132 http GET https://registry.npmjs.org/grunt-contrib-sass
133 verbose url raw grunt-contrib-watch
134 verbose url resolving [ 'https://registry.npmjs.org/', './grunt-contrib-watch' ]
135 verbose url resolved https://registry.npmjs.org/grunt-contrib-watch
136 info trying registry request attempt 1 at 10:56:29
137 verbose etag "88AD9XTMYPL180RT587CNLIIN"
138 http GET https://registry.npmjs.org/grunt-contrib-watch
139 verbose url raw grunt-contrib-jshint
140 verbose url resolving [ 'https://registry.npmjs.org/', './grunt-contrib-jshint' ]
141 verbose url resolved https://registry.npmjs.org/grunt-contrib-jshint
142 info trying registry request attempt 1 at 10:56:29
143 verbose etag "DOO31IXA72KX2LQWOBWDA9UAJ"
144 http GET https://registry.npmjs.org/grunt-contrib-jshint
145 verbose url raw grunt-contrib-imagemin
146 verbose url resolving [ 'https://registry.npmjs.org/', './grunt-contrib-imagemin' ]
147 verbose url resolved https://registry.npmjs.org/grunt-contrib-imagemin
148 info trying registry request attempt 1 at 10:56:29
149 verbose etag "CCDLY11PR3WAHFKMWI1G2LHU"
150 http GET https://registry.npmjs.org/grunt-contrib-imagemin
151 verbose url raw grunt-contrib-cssmin
152 verbose url resolving [ 'https://registry.npmjs.org/', './grunt-contrib-cssmin' ]
153 verbose url resolved https://registry.npmjs.org/grunt-contrib-cssmin
154 info trying registry request attempt 1 at 10:56:29
155 verbose etag "EJQYVOY84K3269D7WGXMG79BE"
156 http GET https://registry.npmjs.org/grunt-contrib-cssmin
157 verbose url raw grunt-contrib-uglify
158 verbose url resolving [ 'https://registry.npmjs.org/', './grunt-contrib-uglify' ]
159 verbose url resolved https://registry.npmjs.org/grunt-contrib-uglify
160 info trying registry request attempt 1 at 10:56:29
161 verbose etag "3HQYPS8ZBI6PDW5COAXXL5Z1B"
162 http GET https://registry.npmjs.org/grunt-contrib-uglify
163 verbose url raw grunt-autoprefixer
164 verbose url resolving [ 'https://registry.npmjs.org/', './grunt-autoprefixer' ]
165 verbose url resolved https://registry.npmjs.org/grunt-autoprefixer
166 info trying registry request attempt 1 at 10:56:29
167 verbose etag "8POCBS2W98FJ07E2KJBGKHYQT"
168 http GET https://registry.npmjs.org/grunt-autoprefixer
169 info retry will retry, error on last attempt: Error: connect ECONNREFUSED
170 info retry will retry, error on last attempt: Error: connect ECONNREFUSED
171 info retry will retry, error on last attempt: Error: connect ECONNREFUSED
172 info retry will retry, error on last attempt: Error: connect ECONNREFUSED
173 info retry will retry, error on last attempt: Error: connect ECONNREFUSED
174 info retry will retry, error on last attempt: Error: connect ECONNREFUSED
175 info retry will retry, error on last attempt: Error: connect ECONNREFUSED
176 info retry will retry, error on last attempt: Error: connect ECONNREFUSED
177 info retry will retry, error on last attempt: Error: connect ECONNREFUSED
178 info retry will retry, error on last attempt: Error: connect ECONNREFUSED
179 info trying registry request attempt 2 at 10:56:40
180 verbose etag "1QY6LCTQSU9ON6YT0E375BVC8"
181 http GET https://registry.npmjs.org/grunt-contrib-sass
182 info trying registry request attempt 2 at 10:56:40
183 verbose etag "88AD9XTMYPL180RT587CNLIIN"
184 http GET https://registry.npmjs.org/grunt-contrib-watch
185 info trying registry request attempt 2 at 10:56:41
186 http GET https://registry.npmjs.org/grunt-svg2png
187 info trying registry request attempt 2 at 10:56:41
188 verbose etag "7E19CG0XKNCOWXWU8YYQCMI6D"
189 http GET https://registry.npmjs.org/grunt-contrib-concat
190 info trying registry request attempt 2 at 10:56:41
191 verbose etag "2I0YJ2SV5223PY9S174L16D6N"
192 http GET https://registry.npmjs.org/grunt
193 info retry will retry, error on last attempt: Error: connect ECONNREFUSED
194 info trying registry request attempt 2 at 10:56:41
195 verbose etag "DOO31IXA72KX2LQWOBWDA9UAJ"
196 http GET https://registry.npmjs.org/grunt-contrib-jshint
197 info trying registry request attempt 2 at 10:56:41
198 verbose etag "CCDLY11PR3WAHFKMWI1G2LHU"
199 http GET https://registry.npmjs.org/grunt-contrib-imagemin
200 info retry will retry, error on last attempt: Error: connect ECONNREFUSED
201 info trying registry request attempt 2 at 10:56:42
202 verbose etag "EJQYVOY84K3269D7WGXMG79BE"
203 http GET https://registry.npmjs.org/grunt-contrib-cssmin
204 info trying registry request attempt 2 at 10:56:42
205 verbose etag "3HQYPS8ZBI6PDW5COAXXL5Z1B"
206 http GET https://registry.npmjs.org/grunt-contrib-uglify
207 info trying registry request attempt 2 at 10:56:42
208 verbose etag "8POCBS2W98FJ07E2KJBGKHYQT"
209 http GET https://registry.npmjs.org/grunt-autoprefixer
210 info retry will retry, error on last attempt: Error: connect ECONNREFUSED
211 info retry will retry, error on last attempt: Error: connect ECONNREFUSED
212 info retry will retry, error on last attempt: Error: connect ECONNREFUSED
213 info retry will retry, error on last attempt: Error: connect ECONNREFUSED
214 info retry will retry, error on last attempt: Error: connect ECONNREFUSED
215 info retry will retry, error on last attempt: Error: connect ECONNREFUSED
216 info retry will retry, error on last attempt: Error: connect ECONNREFUSED
217 info retry will retry, error on last attempt: Error: connect ECONNREFUSED
218 info trying registry request attempt 3 at 10:57:41
219 verbose etag "1QY6LCTQSU9ON6YT0E375BVC8"
220 http GET https://registry.npmjs.org/grunt-contrib-sass
221 info trying registry request attempt 3 at 10:57:41
222 verbose etag "88AD9XTMYPL180RT587CNLIIN"
223 http GET https://registry.npmjs.org/grunt-contrib-watch
224 info trying registry request attempt 3 at 10:57:42
225 http GET https://registry.npmjs.org/grunt-svg2png
226 info trying registry request attempt 3 at 10:57:42
227 verbose etag "2I0YJ2SV5223PY9S174L16D6N"
228 http GET https://registry.npmjs.org/grunt
229 info trying registry request attempt 3 at 10:57:42
230 verbose etag "7E19CG0XKNCOWXWU8YYQCMI6D"
231 http GET https://registry.npmjs.org/grunt-contrib-concat
232 info trying registry request attempt 3 at 10:57:42
233 verbose etag "DOO31IXA72KX2LQWOBWDA9UAJ"
234 http GET https://registry.npmjs.org/grunt-contrib-jshint
235 info trying registry request attempt 3 at 10:57:42
236 verbose etag "CCDLY11PR3WAHFKMWI1G2LHU"
237 http GET https://registry.npmjs.org/grunt-contrib-imagemin
238 silly registry.get cb [ 304, undefined ]
239 verbose etag grunt-contrib-sass from cache
240 silly registry.get cb [ 304, undefined ]
241 verbose etag grunt-contrib-watch from cache
242 silly addNameRange number 2 { name: 'grunt-contrib-sass',
242 silly addNameRange   range: '>=0.7.2-0 <0.8.0-0',
242 silly addNameRange   hasData: true }
243 silly addNameRange versions [ 'grunt-contrib-sass',
243 silly addNameRange   [ '0.1.0',
243 silly addNameRange     '0.1.1',
243 silly addNameRange     '0.1.2',
243 silly addNameRange     '0.1.3',
243 silly addNameRange     '0.2.0',
243 silly addNameRange     '0.2.1',
243 silly addNameRange     '0.2.2',
243 silly addNameRange     '0.3.0',
243 silly addNameRange     '0.4.0',
243 silly addNameRange     '0.4.1',
243 silly addNameRange     '0.5.0',
243 silly addNameRange     '0.5.1',
243 silly addNameRange     '0.6.0',
243 silly addNameRange     '0.2.2-rc7',
243 silly addNameRange     '0.7.0',
243 silly addNameRange     '0.7.1',
243 silly addNameRange     '0.7.2',
243 silly addNameRange     '0.7.3' ] ]
244 verbose addNamed [ 'grunt-contrib-sass', '0.7.3' ]
245 verbose addNamed [ '0.7.3', '0.7.3' ]
246 silly lockFile 8c9fc006-grunt-contrib-sass-0-7-3 grunt-contrib-sass@0.7.3
247 verbose lock grunt-contrib-sass@0.7.3 C:\Users\MRu\AppData\Roaming\npm-cache\8c9fc006-grunt-contrib-sass-0-7-3.lock
248 silly addNameRange number 2 { name: 'grunt-contrib-watch',
248 silly addNameRange   range: '>=0.5.3-0 <0.6.0-0',
248 silly addNameRange   hasData: true }
249 silly addNameRange versions [ 'grunt-contrib-watch',
249 silly addNameRange   [ '0.1.0',
249 silly addNameRange     '0.1.1',
249 silly addNameRange     '0.1.2',
249 silly addNameRange     '0.1.3',
249 silly addNameRange     '0.1.4',
249 silly addNameRange     '0.2.0',
249 silly addNameRange     '0.3.0',
249 silly addNameRange     '0.3.1',
249 silly addNameRange     '0.4.0',
249 silly addNameRange     '0.4.1',
249 silly addNameRange     '0.4.2',
249 silly addNameRange     '0.4.3',
249 silly addNameRange     '0.4.4',
249 silly addNameRange     '0.5.0',
249 silly addNameRange     '0.5.1',
249 silly addNameRange     '0.5.2',
249 silly addNameRange     '0.5.3',
249 silly addNameRange     '0.6.0',
249 silly addNameRange     '0.6.1',
249 silly addNameRange     '0.2.0-a',
249 silly addNameRange     '0.2.0-rc5',
249 silly addNameRange     '0.2.0-rc7' ] ]
250 verbose addNamed [ 'grunt-contrib-watch', '0.5.3' ]
251 verbose addNamed [ '0.5.3', '0.5.3' ]
252 silly lockFile d70d7cec-grunt-contrib-watch-0-5-3 grunt-contrib-watch@0.5.3
253 verbose lock grunt-contrib-watch@0.5.3 C:\Users\MRu\AppData\Roaming\npm-cache\d70d7cec-grunt-contrib-watch-0-5-3.lock
254 silly lockFile 8c9fc006-grunt-contrib-sass-0-7-3 grunt-contrib-sass@0.7.3
255 silly lockFile 8c9fc006-grunt-contrib-sass-0-7-3 grunt-contrib-sass@0.7.3
256 silly lockFile afcfc22a-grunt-contrib-sass-0-7-2 grunt-contrib-sass@~0.7.2
257 silly lockFile afcfc22a-grunt-contrib-sass-0-7-2 grunt-contrib-sass@~0.7.2
258 silly lockFile d70d7cec-grunt-contrib-watch-0-5-3 grunt-contrib-watch@0.5.3
259 silly lockFile d70d7cec-grunt-contrib-watch-0-5-3 grunt-contrib-watch@0.5.3
260 silly lockFile 3f90d2b0-grunt-contrib-watch-0-5-3 grunt-contrib-watch@^0.5.3
261 silly lockFile 3f90d2b0-grunt-contrib-watch-0-5-3 grunt-contrib-watch@^0.5.3
262 info trying registry request attempt 3 at 10:57:43
263 verbose etag "EJQYVOY84K3269D7WGXMG79BE"
264 http GET https://registry.npmjs.org/grunt-contrib-cssmin
265 info trying registry request attempt 3 at 10:57:43
266 verbose etag "8POCBS2W98FJ07E2KJBGKHYQT"
267 http GET https://registry.npmjs.org/grunt-autoprefixer
268 info trying registry request attempt 3 at 10:57:43
269 verbose etag "3HQYPS8ZBI6PDW5COAXXL5Z1B"
270 http GET https://registry.npmjs.org/grunt-contrib-uglify
271 silly registry.get cb [ 304, undefined ]
272 verbose etag grunt from cache
273 silly registry.get cb [ 304, undefined ]
274 verbose etag grunt-contrib-concat from cache
275 silly lockFile 3bda3fd1-grunt-svg2png-0-2-5 grunt-svg2png@^0.2.5
276 silly lockFile 3bda3fd1-grunt-svg2png-0-2-5 grunt-svg2png@^0.2.5
277 error Error: connect ECONNREFUSED
277 error     at errnoException (net.js:904:11)
277 error     at Object.afterConnect [as oncomplete] (net.js:895:19)
277 error  { [Error: connect ECONNREFUSED]
277 error   code: 'ECONNREFUSED',
277 error   errno: 'ECONNREFUSED',
277 error   syscall: 'connect',
277 error   parent: 'Cakey-Bakey-Co' }
278 error If you are behind a proxy, please make sure that the
278 error 'proxy' config is set properly.  See: 'npm help config'
279 error System Windows_NT 6.1.7601
280 error command "C:\\Program Files\\nodejs\\\\node.exe" "C:\\Program Files\\nodejs\\node_modules\\npm\\bin\\npm-cli.js" "install"
281 error cwd C:\Bitnami\wampstack-5.4.29-0\apps\wordpress\htdocs\wp-content\themes\cakeybakeyco
282 error node -v v0.10.26
283 error npm -v 1.4.3
284 error syscall connect
285 error code ECONNREFUSED
286 error errno ECONNREFUSED
287 error stack Error: connect ECONNREFUSED
287 error stack     at errnoException (net.js:904:11)
287 error stack     at Object.afterConnect [as oncomplete] (net.js:895:19)
288 verbose exit [ 1, true ]
